Script started on Mon 10 May 2021 01:54:16 PM CST
(base)    jiangxiaojiao@Biocomp ~ $  ls
    201802_wgs_practice      data       miniconda3                             muscleReal      pub            test  
  biosoft                  HUMAN    Miniconda3-latest-Linux-x86_64.sh  nohup.out     reference    typescript
(base)    jiangxiaojiao@Biocomp ~ $  ls -lh
total 92M
drwxrwxr-x  6 jiangxiaojiao jiangxiaojiao 4.0K May  2 15:17   201802_wgs_practice  
drwxrwxr-x  9 jiangxiaojiao jiangxiaojiao 4.0K May  6 15:17   biosoft  
drwxrwxr-x  5 jiangxiaojiao jiangxiaojiao 4.0K May  6 17:21   data  
drwxrwxr-x  2 jiangxiaojiao jiangxiaojiao 4.0K May 10 13:33   HUMAN  
drwxrwxr-x 19 jiangxiaojiao jiangxiaojiao 4.0K May  4 16:14   miniconda3  
-rw-rw-r--  1 jiangxiaojiao jiangxiaojiao  90M Nov 24 03:21   Miniconda3-latest-Linux-x86_64.sh
-rwxr-xr-x  1 jiangxiaojiao jiangxiaojiao 1.2M Jan  5  2013   muscleReal  
-rw-------  1 jiangxiaojiao jiangxiaojiao 1.4K May  4 17:39   nohup.out
drwxrwxr-x  3 jiangxiaojiao jiangxiaojiao 4.0K Apr 14 14:23   pub  
drwxrwxr-x  4 jiangxiaojiao jiangxiaojiao 4.0K Apr 14 16:04   reference  
drwxrwxr-x  2 jiangxiaojiao jiangxiaojiao 4.0K May 10 13:35   test  
-rw-rw-r--  1 jiangxiaojiao jiangxiaojiao    0 May 10 13:54   typescript
(base)  jiangxiaojiao@Biocomp    ~ $  cd biosoft/
(base)  jiangxiaojiao@Biocomp ~/biosoft    jiangxiaojiao@Biocomp ~/biosoft $  ls
    bowtie                   hisat                                  myBin                                    sratoolkit.2.11.0-ubuntu64.tar.gz  
  gatk                   Miniconda3-latest-Linux-x86_64.sh    ncbi-blast-2.11.0+-x64-linux.tar.gz  
  gatk-4.1.3.0.zip         muscle                               nohup.out
  gatk-4.1.4.1.tar.gz      muscle3.8.425_binaries.tar.gz          sratoolkit  
(base)  jiangxiaojiao@Biocomp ~/biosoft $  ls -lh
total 495M
drwxrwxr-x 3 jiangxiaojiao jiangxiaojiao 4.0K Apr 16 14:37     bowtie  
drwxrwxr-x 4 jiangxiaojiao jiangxiaojiao 4.0K May  2 16:28   gatk  
-rw-rw-r-- 1 jiangxiaojiao jiangxiaojiao  19M May  2 15:38   gatk-4.1.3.0.zip  
-rw-rw-r-- 1 jiangxiaojiao jiangxiaojiao  62M May  2 14:42   gatk-4.1.4.1.tar.gz  
drwxrwxr-x 3 jiangxiaojiao jiangxiaojiao 4.0K Apr 16 14:58   hisat  
-rw-rw-r-- 1 jiangxiaojiao jiangxiaojiao  90M Apr 30 15:29 Miniconda3-latest-Linux-x86_64.sh
drwxrwxr-x 3 jiangxiaojiao jiangxiaojiao 4.0K Apr 19 17:11   muscle  
-rw-rw-r-- 1 jiangxiaojiao jiangxiaojiao 1.2M Nov 18  2016   muscle3.8.425_binaries.tar.gz  
drwxrwxr-x 2 jiangxiaojiao jiangxiaojiao 4.0K Apr 15 14:44   myBin  
-rw-rw-r-- 1 jiangxiaojiao jiangxiaojiao 229M Nov  3  2020   ncbi-blast-2.11.0+-x64-linux.tar.gz  
-rw------- 1 jiangxiaojiao jiangxiaojiao  33K May  2 15:38 nohup.out
drwxrwxr-x 5 jiangxiaojiao jiangxiaojiao 4.0K Mar 12 23:43   sratoolkit  
-rw-rw-r-- 1 jiangxiaojiao jiangxiaojiao  95M Mar 16 00:17   sratoolkit.2.11.0-ubuntu64.tar.gz  
(base)  jiangxiaojiao@Biocomp ~/biosoft $  #导出环境变量方便使用
(base)  jiangxiaojiao@Biocomp ~/biosoft $  export PATH=/fafu/jiangxiaojiao/biosoft/muscle:$PATH
(base)  jiangxiaojiao@Biocomp ~/biosoft $  echo $PATH
/fafu/jiangxiaojiao/biosoft/muscle:/fafu/jiangxiaojiao/biosoft/gatk:/fafu/jiangxiaojiao/bin:/fafu/jiangxiaojiao/.local/bin:/fafu/jiangxiaojiao/miniconda3/condabin:/usr/local/sbin:/usr/local/bin:/usr/sbin:/usr/bin:/sbin:/bin:/usr/games:/usr/local/games
(base)  jiangxiaojiao@Biocomp ~/biosoft $  # $PATH 是当前可用的环境变量
(base)  jiangxiaojiao@Biocomp ~/biosoft $  muscle

MUSCLE v3.8.31 by Robert C. Edgar

http://www.drive5.com/muscle
This software is donated to the public domain.
Please cite: Edgar, R.C. Nucleic Acids Res 32(5), 1792-97.


Basic usage

    muscle -in <inputfile> -out <outputfile>

Common options (for a complete list please see the User Guide):

    -in <inputfile>    Input file in FASTA format (default stdin)
    -out <outputfile>  Output alignment in FASTA format (default stdout)
    -diags             Find diagonals (faster for similar sequences)
    -maxiters <n>      Maximum number of iterations (integer, default 16)
    -maxhours <h>      Maximum time to iterate in hours (default no limit)
    -html              Write output in HTML format (default FASTA)
    -msf               Write output in GCG MSF format (default FASTA)
    -clw               Write output in CLUSTALW format (default FASTA)
    -clwstrict         As -clw, with 'CLUSTAL W (1.81)' header
    -log[a] <logfile>  Log to file (append if -loga, overwrite if -log)
    -quiet             Do not write progress messages to stderr
    -version           Display version information and exit

Without refinement (very fast, avg accuracy similar to T-Coffee): -maxiters 2
Fastest possible (amino acids): -maxiters 1 -diags -sv -distance1 kbit20_3
Fastest possible (nucleotides): -maxiters 1 -diags
(base)  jiangxiaojiao@Biocomp ~/biosoft $  # 这样就可以使用muscle了
(base)  jiangxiaojiao@Biocomp ~/biosoft $  # 对于conda也差不多
(base)  jiangxiaojiao@Biocomp ~/biosoft $  exit
exit

Script done on Mon 10 May 2021 01:58:43 PM CST
